# JRE version: Java(TM) SE Runtime Environment (17.0.4.1+1) (build 17.0.4.1+1-LTS-2)
# Java VM: Java HotSpot(TM) 64-Bit Server VM (17.0.4.1+1-LTS-2, mixed mode, sharing, tiered, compressed oops, compressed class ptrs, g1 gc, windows-amd64)
GC Precious Log:
 CPUs: 12 total, 12 available
 Memory: 15741M
 Large Page Support: Disabled
 NUMA Support: Disabled
 Compressed Oops: Enabled (32-bit)
 Heap Region Size: 1M
 Heap Min Capacity: 8M
 Heap Initial Capacity: 246M
 Heap Max Capacity: 2G
 Pre-touch: Disabled
 Parallel Workers: 10
 Concurrent Workers: 3
 Concurrent Refinement Workers: 10
 Periodic GC: Disabled
Heap:
 garbage-first heap   total 305152K, used 254681K [0x0000000080000000, 0x0000000100000000)
  region size 1024K, 3 young (3072K), 3 survivors (3072K)
 Metaspace       used 113200K, committed 114624K, reserved 528384K
  class space    used 15558K, committed 16256K, reserved 421888K
GC Heap History (20 events):
Event: 58.874 GC heap after
{Heap after GC invocations=93 (full 0):
 garbage-first heap   total 305152K, used 240451K [0x0000000080000000, 0x0000000100000000)
  region size 1024K, 3 young (3072K), 3 survivors (3072K)
 Metaspace       used 112575K, committed 113856K, reserved 528384K
  class space    used 15488K, committed 16128K, reserved 421888K
}
Event: 59.065 GC heap before
{Heap before GC invocations=93 (full 0):
 garbage-first heap   total 305152K, used 270147K [0x0000000080000000, 0x0000000100000000)
  region size 1024K, 27 young (27648K), 3 survivors (3072K)
 Metaspace       used 112702K, committed 114048K, reserved 528384K
  class space    used 15505K, committed 16128K, reserved 421888K
}
Event: 59.069 GC heap after
{Heap after GC invocations=94 (full 0):
 garbage-first heap   total 305152K, used 242908K [0x0000000080000000, 0x0000000100000000)
  region size 1024K, 3 young (3072K), 3 survivors (3072K)
 Metaspace       used 112702K, committed 114048K, reserved 528384K
  class space    used 15505K, committed 16128K, reserved 421888K
}
Event: 59.155 GC heap before
{Heap before GC invocations=94 (full 0):
 garbage-first heap   total 305152K, used 270556K [0x0000000080000000, 0x0000000100000000)
  region size 1024K, 25 young (25600K), 3 survivors (3072K)
 Metaspace       used 112726K, committed 114048K, reserved 528384K
  class space    used 15505K, committed 16128K, reserved 421888K
}
Event: 59.159 GC heap after
{Heap after GC invocations=95 (full 0):
 garbage-first heap   total 305152K, used 244770K [0x0000000080000000, 0x0000000100000000)
  region size 1024K, 2 young (2048K), 2 survivors (2048K)
 Metaspace       used 112726K, committed 114048K, reserved 528384K
  class space    used 15505K, committed 16128K, reserved 421888K
}
Event: 59.363 GC heap before
{Heap before GC invocations=95 (full 0):
 garbage-first heap   total 305152K, used 265250K [0x0000000080000000, 0x0000000100000000)
  region size 1024K, 23 young (23552K), 2 survivors (2048K)
 Metaspace       used 112825K, committed 114240K, reserved 528384K
  class space    used 15514K, committed 16192K, reserved 421888K
}
Event: 59.366 GC heap after
{Heap after GC invocations=96 (full 0):
 garbage-first heap   total 305152K, used 246323K [0x0000000080000000, 0x0000000100000000)
  region size 1024K, 2 young (2048K), 2 survivors (2048K)
 Metaspace       used 112825K, committed 114240K, reserved 528384K
  class space    used 15514K, committed 16192K, reserved 421888K
}
Event: 59.574 GC heap before
{Heap before GC invocations=96 (full 0):
 garbage-first heap   total 305152K, used 265779K [0x0000000080000000, 0x0000000100000000)
  region size 1024K, 22 young (22528K), 2 survivors (2048K)
 Metaspace       used 112923K, committed 114304K, reserved 528384K
  class space    used 15526K, committed 16192K, reserved 421888K
}
Event: 59.577 GC heap after
{Heap after GC invocations=97 (full 0):
 garbage-first heap   total 305152K, used 247401K [0x0000000080000000, 0x0000000100000000)
  region size 1024K, 3 young (3072K), 3 survivors (3072K)
 Metaspace       used 112923K, committed 114304K, reserved 528384K
  class space    used 15526K, committed 16192K, reserved 421888K
}
Event: 59.822 GC heap before
{Heap before GC invocations=97 (full 0):
 garbage-first heap   total 305152K, used 274025K [0x0000000080000000, 0x0000000100000000)
  region size 1024K, 23 young (23552K), 3 survivors (3072K)
 Metaspace       used 113032K, committed 114432K, reserved 528384K
  class space    used 15535K, committed 16192K, reserved 421888K
}
Event: 59.825 GC heap after
{Heap after GC invocations=98 (full 0):
 garbage-first heap   total 305152K, used 254912K [0x0000000080000000, 0x0000000100000000)
  region size 1024K, 3 young (3072K), 3 survivors (3072K)
 Metaspace       used 113032K, committed 114432K, reserved 528384K
  class space    used 15535K, committed 16192K, reserved 421888K
}
Event: 59.876 GC heap before
{Heap before GC invocations=98 (full 0):
 garbage-first heap   total 305152K, used 268224K [0x0000000080000000, 0x0000000100000000)
  region size 1024K, 17 young (17408K), 3 survivors (3072K)
 Metaspace       used 113051K, committed 114432K, reserved 528384K
  class space    used 15536K, committed 16192K, reserved 421888K
}
Event: 59.878 GC heap after
{Heap after GC invocations=99 (full 0):
 garbage-first heap   total 305152K, used 249837K [0x0000000080000000, 0x0000000100000000)
  region size 1024K, 3 young (3072K), 3 survivors (3072K)
 Metaspace       used 113051K, committed 114432K, reserved 528384K
  class space    used 15536K, committed 16192K, reserved 421888K
}
Event: 59.938 GC heap before
{Heap before GC invocations=99 (full 0):
 garbage-first heap   total 305152K, used 273389K [0x0000000080000000, 0x0000000100000000)
  region size 1024K, 21 young (21504K), 3 survivors (3072K)
 Metaspace       used 113087K, committed 114496K, reserved 528384K
  class space    used 15549K, committed 16256K, reserved 421888K
}
Event: 59.941 GC heap after
{Heap after GC invocations=100 (full 0):
 garbage-first heap   total 305152K, used 251497K [0x0000000080000000, 0x0000000100000000)
  region size 1024K, 3 young (3072K), 3 survivors (3072K)
 Metaspace       used 113087K, committed 114496K, reserved 528384K
  class space    used 15549K, committed 16256K, reserved 421888K
}
Event: 60.013 GC heap before
{Heap before GC invocations=100 (full 0):
 garbage-first heap   total 305152K, used 266857K [0x0000000080000000, 0x0000000100000000)
  region size 1024K, 19 young (19456K), 3 survivors (3072K)
 Metaspace       used 113172K, committed 114560K, reserved 528384K
  class space    used 15557K, committed 16256K, reserved 421888K
}
Event: 60.016 GC heap after
{Heap after GC invocations=101 (full 0):
 garbage-first heap   total 305152K, used 252437K [0x0000000080000000, 0x0000000100000000)
  region size 1024K, 3 young (3072K), 3 survivors (3072K)
 Metaspace       used 113172K, committed 114560K, reserved 528384K
  class space    used 15557K, committed 16256K, reserved 421888K
}
Event: 60.070 GC heap before
{Heap before GC invocations=101 (full 0):
 garbage-first heap   total 305152K, used 267797K [0x0000000080000000, 0x0000000100000000)
  region size 1024K, 19 young (19456K), 3 survivors (3072K)
 Metaspace       used 113190K, committed 114624K, reserved 528384K
  class space    used 15557K, committed 16256K, reserved 421888K
}
Event: 60.073 GC heap after
{Heap after GC invocations=102 (full 0):
 garbage-first heap   total 305152K, used 253232K [0x0000000080000000, 0x0000000100000000)
  region size 1024K, 2 young (2048K), 2 survivors (2048K)
 Metaspace       used 113190K, committed 114624K, reserved 528384K
  class space    used 15557K, committed 16256K, reserved 421888K
}
Event: 60.167 GC heap before
{Heap before GC invocations=102 (full 0):
 garbage-first heap   total 305152K, used 274736K [0x0000000080000000, 0x0000000100000000)
  region size 1024K, 18 young (18432K), 2 survivors (2048K)
 Metaspace       used 113200K, committed 114624K, reserved 528384K
  class space    used 15558K, committed 16256K, reserved 421888K
}

